<?xml version="1.0" encoding="UTF-8"?>
<!-- Generated by org.testng.reporters.JUnitXMLReporter -->
<testsuite ignored="0" hostname="PC177" failures="1" tests="2" name="Test" time="19.938" errors="0" timestamp="2025-01-04T12:15:00 EST">
  <testcase classname="demo_qa.Verify_Dashboard" name="verify_SidePanel_List" time="1.564"/>
  <testcase classname="demo_qa.Verify_Dashboard" name="verify_Admin_Module_Heading" time="1.45">
    <failure type="java.lang.AssertionError" message="Expected and Acrual is not match expected [Admin] but found [User Management]">
      <![CDATA[java.lang.AssertionError: Expected and Acrual is not match expected [Admin] but found [User Management]
at demo_qa.Verify_Dashboard.verify_Admin_Module_Heading(Verify_Dashboard.java:48)
at java.base/java.util.ArrayList.forEach(ArrayList.java:1511)
... Removed 32 stack frames]]>
    </failure>
  </testcase> <!-- verify_Admin_Module_Heading -->
</testsuite> <!-- Test -->
